<?xml version="1.0" encoding="UTF-8"?>
<!-- Generated by org.testng.reporters.JUnitReportReporter -->
<testsuite hostname="DEEPU-PC" name="senario_driver_components.SenarioAddCart_component" tests="1" failures="0" timestamp="26 Jun 2017 08:18:44 GMT" time="89.038" errors="0">
  <testcase name="atestaddCart" time="89.038" classname="senario_driver_components.SenarioAddCart_component"/>
</testsuite> <!-- senario_driver_components.SenarioAddCart_component -->
